<?xml version="1.0" encoding="UTF-8"?>
<!-- Generated by org.testng.reporters.JUnitReportReporter -->
<testsuite hostname="DESKTOP-K2M46MR" failures="0" tests="2" name="web.testcases.RegistrationFlowTest" time="14.845" errors="0" timestamp="2024-06-09T07:54:35 CEST" skipped="0">
  <testcase classname="web.testcases.RegistrationFlowTest" name="successfulRegistration" time="8.141"/>
  <testcase classname="web.testcases.RegistrationFlowTest" name="unsuccessfulRegistration" time="6.704"/>
</testsuite> <!-- web.testcases.RegistrationFlowTest -->
