<?xml version="1.0" encoding="UTF-8"?>
<!-- Generated by org.testng.reporters.JUnitReportReporter -->
<testsuite hostname="DESKTOP-K2M46MR" failures="0" tests="1" name="web.testcases.EditCampaignTest" time="12.591" errors="0" timestamp="2024-06-09T07:54:35 CEST" skipped="0">
  <testcase classname="web.testcases.EditCampaignTest" name="verifyEditCampaignFlowTest" time="12.591"/>
</testsuite> <!-- web.testcases.EditCampaignTest -->
